<?xml version="1.0" encoding="UTF-8" standalone="yes" ?>
<test-results name="C:\Users\Chris\exercism\delphi\two-fer\twofer.exe" total="3" errors="0" failures="0" ignored="0" inconclusive="0" not-run="0" skipped="0" invalid="0" date="2018-08-24" time="0.002">
  <culture-info current-culture="en" current-uiculture="en" />
  <test-suite type="Assembly" name="twofer.exe" executed="true" result="Success" success="True" time="0.002" asserts="0">
    <results>
        <test-suite type="Namespace" name="utwoferTest" executed="true" result="Success" success="True" time="0.001" asserts="0" >
          <results>
              <test-suite type="Fixture" name="twoferTest" executed="True" result="Success" success="True" time="0.001" >
                <results>
                  <test-case name="No_name_given" executed="True" result="Success" success="True" time="0.000" asserts="0" />
                  <test-case name="A_name_given" executed="True" result="Success" success="True" time="0.000" asserts="0" />
                  <test-case name="Another_name_given" executed="True" result="Success" success="True" time="0.000" asserts="0" />
                </results>
              </test-suite>
          </results>
        </test-suite>
    </results>
  </test-suite>
</test-results>
