<?xml version="1.0" encoding="UTF-8" standalone="yes" ?>
<test-results name="C:\Users\Chris\exercism\delphi\difference-of-squares\DifferenceOfSquares.exe" total="9" errors="0" failures="0" ignored="0" inconclusive="0" not-run="0" skipped="0" invalid="0" date="2018-09-04" time="0.020">
  <culture-info current-culture="en" current-uiculture="en" />
  <test-suite type="Assembly" name="DifferenceOfSquares.exe" executed="true" result="Success" success="True" time="0.020" asserts="0">
    <results>
        <test-suite type="Namespace" name="uDifferenceOfSquaresTests" executed="true" result="Success" success="True" time="0.018" asserts="0" >
          <results>
              <test-suite type="Fixture" name="Sum the squares of the numbers up to the given number" executed="True" result="Success" success="True" time="0.018" >
                <results>
                  <test-case name="sum_of_squares_1" executed="True" result="Success" success="True" time="0.000" asserts="0" />
                  <test-case name="sum_of_squares_5" executed="True" result="Success" success="True" time="0.000" asserts="0" />
                  <test-case name="sum_of_squares_100" executed="True" result="Success" success="True" time="0.000" asserts="0" />
                </results>
              </test-suite>
          </results>
        </test-suite>
        <test-suite type="Fixture" name="Subtract sum of squares from square of sums" executed="True" result="Success" success="True" time="0.012" >
          <results>
            <test-case name="difference_of_squares_1" executed="True" result="Success" success="True" time="0.000" asserts="0" />
            <test-case name="difference_of_squares_5" executed="True" result="Success" success="True" time="0.000" asserts="0" />
            <test-case name="difference_of_squares_100" executed="True" result="Success" success="True" time="0.000" asserts="0" />
          </results>
        </test-suite>
        <test-suite type="Fixture" name="Square the sum of the numbers up to the given number" executed="True" result="Success" success="True" time="0.004" >
          <results>
            <test-case name="square_of_sum_1" executed="True" result="Success" success="True" time="0.000" asserts="0" />
            <test-case name="square_of_sum_5" executed="True" result="Success" success="True" time="0.000" asserts="0" />
            <test-case name="square_of_sum_100" executed="True" result="Success" success="True" time="0.000" asserts="0" />
          </results>
        </test-suite>
    </results>
  </test-suite>
</test-results>
