<?xml version="1.0" encoding="UTF-8" standalone="yes" ?>
<test-results name="~\exercism\delphi\grains\Grains.exe" total="11" errors="0" failures="0" ignored="0" inconclusive="0" not-run="0" skipped="0" invalid="0" date="2018-09-18" time="0.001">
  <culture-info current-culture="en" current-uiculture="en" />
  <test-suite type="Assembly" name="Grains.exe" executed="true" result="Success" success="True" time="0.001" asserts="0">
    <results>
        <test-suite type="Namespace" name="uGrainsTests" executed="true" result="Success" success="True" time="0.001" asserts="0" >
          <results>
              <test-suite type="Fixture" name="TgrainsTests" executed="True" result="Success" success="True" time="0.001" >
                <results>
                  <test-case name="Test_square_1" executed="True" result="Success" success="True" time="0.000" asserts="0" />
                  <test-case name="Test_square_2" executed="True" result="Success" success="True" time="0.000" asserts="0" />
                  <test-case name="Test_square_3" executed="True" result="Success" success="True" time="0.000" asserts="0" />
                  <test-case name="Test_square_4" executed="True" result="Success" success="True" time="0.000" asserts="0" />
                  <test-case name="Test_square_16" executed="True" result="Success" success="True" time="0.000" asserts="0" />
                  <test-case name="Test_square_32" executed="True" result="Success" success="True" time="0.000" asserts="0" />
                  <test-case name="Test_square_64" executed="True" result="Success" success="True" time="0.000" asserts="0" />
                  <test-case name="Square_0_raises_an_exception" executed="True" result="Success" success="True" time="0.000" asserts="0" />
                  <test-case name="Negative_square_raises_an_exception" executed="True" result="Success" success="True" time="0.000" asserts="0" />
                  <test-case name="Square_greater_than_64_raises_an_exception" executed="True" result="Success" success="True" time="0.000" asserts="0" />
                  <test-case name="Returns_the_total_number_of_grains_on_the_board" executed="True" result="Success" success="True" time="0.000" asserts="0" />
                </results>
              </test-suite>
          </results>
        </test-suite>
    </results>
  </test-suite>
</test-results>
