<?xml version="1.0" encoding="UTF-8" standalone="yes" ?>
<test-results name="~\exercism\delphi\raindrops\raindrops.exe" total="18" errors="0" failures="0" ignored="0" inconclusive="0" not-run="0" skipped="0" invalid="0" date="2018-08-29" time="0.029">
  <culture-info current-culture="en" current-uiculture="en" />
  <test-suite type="Assembly" name="raindrops.exe" executed="true" result="Success" success="True" time="0.029" asserts="0">
    <results>
        <test-suite type="Namespace" name="uRaindropsTest" executed="true" result="Success" success="True" time="0.028" asserts="0" >
          <results>
              <test-suite type="Fixture" name="RaindropsTest" executed="True" result="Success" success="True" time="0.028" >
                <results>
                  <test-case name="the_sound_for_1_is_1" executed="True" result="Success" success="True" time="0.000" asserts="0" />
                  <test-case name="the_sound_for_3_is_Pling" executed="True" result="Success" success="True" time="0.000" asserts="0" />
                  <test-case name="the_sound_for_5_is_Plang" executed="True" result="Success" success="True" time="0.000" asserts="0" />
                  <test-case name="the_sound_for_7_is_Plong" executed="True" result="Success" success="True" time="0.000" asserts="0" />
                  <test-case name="the_sound_for_6_is_Pling_as_it_has_a_factor_3" executed="True" result="Success" success="True" time="0.000" asserts="0" />
                  <test-case name="_2_to_the_power_3_does_not_make_a_raindrop_sound_as_3_is_the_exponent_not_the_base" executed="True" result="Success" success="True" time="0.000" asserts="0" />
                  <test-case name="the_sound_for_9_is_Pling_as_it_has_a_factor_3" executed="True" result="Success" success="True" time="0.000" asserts="0" />
                  <test-case name="the_sound_for_10_is_Plang_as_it_has_a_factor_5" executed="True" result="Success" success="True" time="0.000" asserts="0" />
                  <test-case name="the_sound_for_14_is_Plong_as_it_has_a_factor_of_7" executed="True" result="Success" success="True" time="0.000" asserts="0" />
                  <test-case name="the_sound_for_15_is_PlingPlang_as_it_has_factors_3_and_5" executed="True" result="Success" success="True" time="0.000" asserts="0" />
                  <test-case name="the_sound_for_21_is_PlingPlong_as_it_has_factors_3_and_7" executed="True" result="Success" success="True" time="0.000" asserts="0" />
                  <test-case name="the_sound_for_25_is_Plang_as_it_has_a_factor_5" executed="True" result="Success" success="True" time="0.000" asserts="0" />
                  <test-case name="the_sound_for_27_is_Pling_as_it_has_a_factor_3" executed="True" result="Success" success="True" time="0.000" asserts="0" />
                  <test-case name="the_sound_for_35_is_PlangPlong_as_it_has_factors_5_and_7" executed="True" result="Success" success="True" time="0.000" asserts="0" />
                  <test-case name="the_sound_for_49_is_Plong_as_it_has_a_factor_7" executed="True" result="Success" success="True" time="0.000" asserts="0" />
                  <test-case name="the_sound_for_52_is_52" executed="True" result="Success" success="True" time="0.000" asserts="0" />
                  <test-case name="the_sound_for_105_is_PlingPlangPlong_as_it_has_factors_3_5_7" executed="True" result="Success" success="True" time="0.000" asserts="0" />
                  <test-case name="the_sound_for_3125_is_Plang_as_it_has_a_factor_5" executed="True" result="Success" success="True" time="0.000" asserts="0" />
                </results>
              </test-suite>
          </results>
        </test-suite>
    </results>
  </test-suite>
</test-results>
