<?xml version="1.0" encoding="UTF-8" standalone="yes" ?>
<test-results name="~\exercism\delphi\armstrong-numbers\ArmstrongNumbers.exe" total="8" errors="0" failures="0" ignored="0" inconclusive="0" not-run="0" skipped="0" invalid="0" date="2018-09-26" time="0.001">
  <culture-info current-culture="en" current-uiculture="en" />
  <test-suite type="Assembly" name="ArmstrongNumbers.exe" executed="true" result="Success" success="True" time="0.001" asserts="0">
    <results>
        <test-suite type="Namespace" name="uArmstrongNumbersTests" executed="true" result="Success" success="True" time="0.001" asserts="0" >
          <results>
              <test-suite type="Fixture" name="ArmstrongNumbersTests" executed="True" result="Success" success="True" time="0.001" >
                <results>
                  <test-case name="Single_digit_numbers_are_Armstrong_numbers" executed="True" result="Success" success="True" time="0.000" asserts="0" />
                  <test-case name="There_are_no_2_digit_Armstrong_numbers" executed="True" result="Success" success="True" time="0.000" asserts="0" />
                  <test-case name="Three_digit_number_that_is_an_Armstrong_number" executed="True" result="Success" success="True" time="0.000" asserts="0" />
                  <test-case name="Three_digit_number_that_is_not_an_Armstrong_number" executed="True" result="Success" success="True" time="0.000" asserts="0" />
                  <test-case name="Four_digit_number_that_is_an_Armstrong_number" executed="True" result="Success" success="True" time="0.000" asserts="0" />
                  <test-case name="Four_digit_number_that_is_not_an_Armstrong_number" executed="True" result="Success" success="True" time="0.000" asserts="0" />
                  <test-case name="Seven_digit_number_that_is_an_Armstrong_number" executed="True" result="Success" success="True" time="0.000" asserts="0" />
                  <test-case name="Seven_digit_number_that_is_not_an_Armstrong_number" executed="True" result="Success" success="True" time="0.000" asserts="0" />
                </results>
              </test-suite>
          </results>
        </test-suite>
    </results>
  </test-suite>
</test-results>
