<?xml version="1.0" encoding="UTF-8" standalone="yes" ?>
<test-results name="C:\Users\Chris\exercism\delphi\leap\Leap.exe" total="4" errors="0" failures="0" ignored="0" inconclusive="0" not-run="0" skipped="0" invalid="0" date="2018-08-28" time="0.005">
  <culture-info current-culture="en" current-uiculture="en" />
  <test-suite type="Assembly" name="Leap.exe" executed="true" result="Success" success="True" time="0.005" asserts="0">
    <results>
        <test-suite type="Namespace" name="uLeapTests" executed="true" result="Success" success="True" time="0.002" asserts="0" >
          <results>
              <test-suite type="Fixture" name="YearTest" executed="True" result="Success" success="True" time="0.002" >
                <results>
                  <test-case name="year_not_divisible_by_4_common_year" executed="True" result="Success" success="True" time="0.000" asserts="0" />
                  <test-case name="year_divisible_by_4_not_divisible_by_100_leap_year" executed="True" result="Success" success="True" time="0.000" asserts="0" />
                  <test-case name="year_divisible_by_100_not_divisible_by_400_common_year" executed="True" result="Success" success="True" time="0.000" asserts="0" />
                  <test-case name="year_divisible_by_400_leap_year" executed="True" result="Success" success="True" time="0.000" asserts="0" />
                </results>
              </test-suite>
          </results>
        </test-suite>
    </results>
  </test-suite>
</test-results>
