<?xml version="1.0" encoding="UTF-8" standalone="yes" ?>
<test-results name="~\exercism\delphi\binary-search\BinarySearch.exe" total="10" errors="0" failures="0" ignored="0" inconclusive="0" not-run="0" skipped="0" invalid="0" date="2018-09-26" time="0.001">
  <culture-info current-culture="en" current-uiculture="en" />
  <test-suite type="Assembly" name="BinarySearch.exe" executed="true" result="Success" success="True" time="0.001" asserts="0">
    <results>
        <test-suite type="Namespace" name="uBinarySearchTest" executed="true" result="Success" success="True" time="0.001" asserts="0" >
          <results>
              <test-suite type="Fixture" name="TBinarySearchTest" executed="True" result="Success" success="True" time="0.001" >
                <results>
                  <test-case name="Finds_a_value_in_an_array_with_one_element" executed="True" result="Success" success="True" time="0.000" asserts="0" />
                  <test-case name="Finds_a_value_in_the_middle_of_an_array" executed="True" result="Success" success="True" time="0.000" asserts="0" />
                  <test-case name="Finds_a_value_at_the_beginning_of_an_array" executed="True" result="Success" success="True" time="0.000" asserts="0" />
                  <test-case name="Finds_a_value_at_the_end_of_an_array" executed="True" result="Success" success="True" time="0.000" asserts="0" />
                  <test-case name="Finds_a_value_in_an_array_of_odd_length" executed="True" result="Success" success="True" time="0.000" asserts="0" />
                  <test-case name="Finds_a_value_in_an_array_of_even_length" executed="True" result="Success" success="True" time="0.000" asserts="0" />
                  <test-case name="Identifies_that_a_value_is_not_included_in_the_array" executed="True" result="Success" success="True" time="0.000" asserts="0" />
                  <test-case name="A_value_smaller_than_the_arrays_smallest_value_is_not_included" executed="True" result="Success" success="True" time="0.000" asserts="0" />
                  <test-case name="A_value_larger_than_the_arrays_largest_value_is_not_included" executed="True" result="Success" success="True" time="0.000" asserts="0" />
                  <test-case name="Nothing_is_included_in_an_empty_array" executed="True" result="Success" success="True" time="0.000" asserts="0" />
                </results>
              </test-suite>
          </results>
        </test-suite>
    </results>
  </test-suite>
</test-results>
